Using pre-set license
Built from '2020.3/release' branch; Version is '2020.3.7f1 (dd97f2c94397) revision 14522354'; Using compiler version '192528614'; Build Type 'Release'
OS: 'Windows 10 Pro; OS build 19042.985; Version 2009; 64bit' Language: 'ru' Physical Memory: 16215 MB
BatchMode: 1, IsHumanControllingUs: 0, StartBugReporterOnCrash: 0, Is64bit: 1, IsPro: 0

 COMMAND LINE ARGUMENTS:
C:\Program Files\Unity\Hub\Editor\2020.3.7f1\Editor\Unity.exe
-adb2
-batchMode
-noUpm
-name
AssetImportWorker0
-projectPath
F:/Рабочие документы/Проект/MathWar/MathWar
-logFile
Logs/AssetImportWorker0.log
-srvPort
14129
Successfully changed project path to: F:/Рабочие документы/Проект/MathWar/MathWar
F:/Рабочие документы/Проект/MathWar/MathWar
Using Asset Import Pipeline V2.
Refreshing native plugins compatible for Editor in 351.05 ms, found 3 plugins.
Preloading 0 native plugins for Editor in 0.00 ms.
Initialize engine version: 2020.3.7f1 (dd97f2c94397)
[Subsystems] Discovering subsystems at path C:/Program Files/Unity/Hub/Editor/2020.3.7f1/Editor/Data/Resources/UnitySubsystems
[Subsystems] Discovering subsystems at path F:/Рабочие документы/Проект/MathWar/MathWar/Assets
GfxDevice: creating device client; threaded=0
Direct3D:
    Version:  Direct3D 11.0 [level 11.1]
    Renderer: NVIDIA GeForce GTX 1650 Ti (ID=0x1f95)
    Vendor:   
    VRAM:     3962 MB
    Driver:   27.21.14.5167
Initialize mono
Mono path[0] = 'C:/Program Files/Unity/Hub/Editor/2020.3.7f1/Editor/Data/Managed'
Mono path[1] = 'C:/Program Files/Unity/Hub/Editor/2020.3.7f1/Editor/Data/MonoBleedingEdge/lib/mono/unityjit'
Mono config path = 'C:/Program Files/Unity/Hub/Editor/2020.3.7f1/Editor/Data/MonoBleedingEdge/etc'
Using monoOptions --debugger-agent=transport=dt_socket,embedding=1,server=y,suspend=n,address=127.0.0.1:56956
Begin MonoManager ReloadAssembly
Registering precompiled unity dll's ...
Register platform support module: C:/Program Files/Unity/Hub/Editor/2020.3.7f1/Editor/Data/PlaybackEngines/WindowsStandaloneSupport/UnityEditor.WindowsStandalone.Extensions.dll
Registered in 0.003031 seconds.
Native extension for WindowsStandalone target not found
Refreshing native plugins compatible for Editor in 36.86 ms, found 3 plugins.
Preloading 0 native plugins for Editor in 0.00 ms.
Mono: successfully reloaded assembly
- Completed reload, in  4.052 seconds
Platform modules already initialized, skipping
Registering precompiled user dll's ...
Registered in 0.171021 seconds.
Begin MonoManager ReloadAssembly
Native extension for WindowsStandalone target not found
Refreshing native plugins compatible for Editor in 35.82 ms, found 3 plugins.
Preloading 0 native plugins for Editor in 0.00 ms.
Mono: successfully reloaded assembly
- Completed reload, in  2.456 seconds
Platform modules already initialized, skipping
========================================================================
Worker process is ready to serve import requests
Launched and connected shader compiler UnityShaderCompiler.exe after 0.04 seconds
Refreshing native plugins compatible for Editor in 0.51 ms, found 3 plugins.
Preloading 0 native plugins for Editor in 0.00 ms.
Unloading 2184 Unused Serialized files (Serialized files now loaded: 0)
System memory in use before: 95.6 MB.
System memory in use after: 95.7 MB.

Unloading 41 unused Assets to reduce memory usage. Loaded Objects now: 2610.
Total: 2.326400 ms (FindLiveObjects: 0.279700 ms CreateObjectMapping: 0.190400 ms MarkObjects: 1.796700 ms  DeleteObjects: 0.058500 ms)

========================================================================
Received Import Request.
  path: Assets/Editor/com.unity.mobile.notifications/NotificationSettings.asset
  artifactKey: Guid(4cee8bca36f2ab74b8feb832747fa6f4) Importer(815301076,1909f56bfc062723c751e8b465ee728b)
Start importing Assets/Editor/com.unity.mobile.notifications/NotificationSettings.asset using Guid(4cee8bca36f2ab74b8feb832747fa6f4) Importer(815301076,1909f56bfc062723c751e8b465ee728b)  -> (artifact id: 'd5a73e7d72fe3bf89cf9bffece3c8e75') in 0.030328 seconds
  Import took 0.158017 seconds .

========================================================================
Received Prepare
Registering precompiled user dll's ...
Registered in 0.886300 seconds.
Begin MonoManager ReloadAssembly
Native extension for WindowsStandalone target not found
Refreshing native plugins compatible for Editor in 0.57 ms, found 3 plugins.
Preloading 0 native plugins for Editor in 0.00 ms.
Mono: successfully reloaded assembly
- Completed reload, in  7.750 seconds
Platform modules already initialized, skipping
Refreshing native plugins compatible for Editor in 0.53 ms, found 3 plugins.
Preloading 0 native plugins for Editor in 0.00 ms.
Unloading 2174 Unused Serialized files (Serialized files now loaded: 0)
System memory in use before: 95.0 MB.
System memory in use after: 95.2 MB.

Unloading 29 unused Assets to reduce memory usage. Loaded Objects now: 2614.
Total: 2.392900 ms (FindLiveObjects: 0.460700 ms CreateObjectMapping: 0.174500 ms MarkObjects: 1.730300 ms  DeleteObjects: 0.025500 ms)

========================================================================
Received Import Request.
  Time since last request: 257.681451 seconds.
  path: Assets/Scenes/ThemeChoose.unity
  artifactKey: Guid(62ac687618247f441a6ca6698e33ddd3) Importer(815301076,1909f56bfc062723c751e8b465ee728b)
Start importing Assets/Scenes/ThemeChoose.unity using Guid(62ac687618247f441a6ca6698e33ddd3) Importer(815301076,1909f56bfc062723c751e8b465ee728b)  -> (artifact id: '7cd34be83cd01e2f4b3a176ca0f0f686') in 0.027919 seconds
  Import took 0.068641 seconds .

========================================================================
Received Prepare
Registering precompiled user dll's ...
Registered in 0.002008 seconds.
Begin MonoManager ReloadAssembly
Native extension for WindowsStandalone target not found
Refreshing native plugins compatible for Editor in 0.59 ms, found 3 plugins.
Preloading 0 native plugins for Editor in 0.00 ms.
Mono: successfully reloaded assembly
- Completed reload, in  0.842 seconds
Platform modules already initialized, skipping
Refreshing native plugins compatible for Editor in 0.49 ms, found 3 plugins.
Preloading 0 native plugins for Editor in 0.00 ms.
Unloading 2174 Unused Serialized files (Serialized files now loaded: 0)
System memory in use before: 95.1 MB.
System memory in use after: 95.2 MB.

Unloading 29 unused Assets to reduce memory usage. Loaded Objects now: 2618.
Total: 1.929500 ms (FindLiveObjects: 0.191600 ms CreateObjectMapping: 0.094400 ms MarkObjects: 1.626300 ms  DeleteObjects: 0.016400 ms)

========================================================================
Received Import Request.
  Time since last request: 247.063668 seconds.
  path: Assets/Scripts/MainMenuLoader.cs
  artifactKey: Guid(a0655cf5221a56f418f632cb9f28aafc) Importer(815301076,1909f56bfc062723c751e8b465ee728b)
Start importing Assets/Scripts/MainMenuLoader.cs using Guid(a0655cf5221a56f418f632cb9f28aafc) Importer(815301076,1909f56bfc062723c751e8b465ee728b)  -> (artifact id: 'c0b500cda314be56c2acb32176adb398') in 0.015969 seconds
  Import took 0.050488 seconds .

========================================================================
Received Import Request.
  Time since last request: 22.155127 seconds.
  path: Assets/Scripts/OnWorkLoader.cs
  artifactKey: Guid(0b1fbf3920590d1439b88608291fa5e7) Importer(815301076,1909f56bfc062723c751e8b465ee728b)
Start importing Assets/Scripts/OnWorkLoader.cs using Guid(0b1fbf3920590d1439b88608291fa5e7) Importer(815301076,1909f56bfc062723c751e8b465ee728b)  -> (artifact id: '42e10d35a5482911ecbc293136d66950') in 0.005788 seconds
  Import took 0.145677 seconds .

========================================================================
Received Import Request.
  Time since last request: 20.611870 seconds.
  path: Assets/Scripts/ThemeChooseLoader.cs
  artifactKey: Guid(bca6e7e3614a49f4d8d06233c81dccc2) Importer(815301076,1909f56bfc062723c751e8b465ee728b)
Start importing Assets/Scripts/ThemeChooseLoader.cs using Guid(bca6e7e3614a49f4d8d06233c81dccc2) Importer(815301076,1909f56bfc062723c751e8b465ee728b)  -> (artifact id: 'ba4ece7cd3cb95fa09a0b61a552796ef') in 0.005575 seconds
  Import took 0.075611 seconds .

========================================================================
Received Import Request.
  Time since last request: 11.776710 seconds.
  path: Assets/Scripts/User.cs
  artifactKey: Guid(74e946ee40a95df45a74a704285e450c) Importer(815301076,1909f56bfc062723c751e8b465ee728b)
Start importing Assets/Scripts/User.cs using Guid(74e946ee40a95df45a74a704285e450c) Importer(815301076,1909f56bfc062723c751e8b465ee728b)  -> (artifact id: 'f1dbd1db052a0732a9ba108b005ec9a4') in 0.005908 seconds
  Import took 0.106771 seconds .

========================================================================
Received Import Request.
  Time since last request: 19.400527 seconds.
  path: Assets/Scripts/UserInit.cs
  artifactKey: Guid(a989464035f9d9547a60c869e7c19bf9) Importer(815301076,1909f56bfc062723c751e8b465ee728b)
Start importing Assets/Scripts/UserInit.cs using Guid(a989464035f9d9547a60c869e7c19bf9) Importer(815301076,1909f56bfc062723c751e8b465ee728b)  -> (artifact id: '60d06f96cfc29b7a67b356b1559cdaf6') in 0.007195 seconds
  Import took 0.103621 seconds .

========================================================================
Received Import Request.
  Time since last request: 13.555012 seconds.
  path: Assets/Editor
  artifactKey: Guid(d98ad1674ee8d5040ad22d07feddcab5) Importer(815301076,1909f56bfc062723c751e8b465ee728b)
Start importing Assets/Editor using Guid(d98ad1674ee8d5040ad22d07feddcab5) Importer(815301076,1909f56bfc062723c751e8b465ee728b)  -> (artifact id: 'c3846d0048b442aefd9706ed45027f59') in 0.005830 seconds
  Import took 0.127218 seconds .

========================================================================
Received Import Request.
  Time since last request: 0.546814 seconds.
  path: Assets/Editor/com.unity.mobile.notifications
  artifactKey: Guid(8d94ea3741ad8d344a76cca0aa62f67e) Importer(815301076,1909f56bfc062723c751e8b465ee728b)
Start importing Assets/Editor/com.unity.mobile.notifications using Guid(8d94ea3741ad8d344a76cca0aa62f67e) Importer(815301076,1909f56bfc062723c751e8b465ee728b)  -> (artifact id: '2e6f8f77877e03c2e3383b3ef98bf8e9') in 0.005420 seconds
  Import took 0.094566 seconds .

